<?xml version="1.0" encoding="UTF-8"?>
<!-- Generated by org.testng.reporters.JUnitReportReporter -->
<testsuite skipped="0" hostname="LAPTOP-N0G0NBDP" name="com.qa.testNGScripts.DatDrivenTestPOI" tests="3" failures="0" timestamp="02 Jun 2020 23:47:15 GMT" time="2.429" errors="0">
  <testcase name="wikipagedata" time="0.748" classname="com.qa.testNGScripts.DatDrivenTestPOI"/>
  <testcase name="wikipagedata" time="0.932" classname="com.qa.testNGScripts.DatDrivenTestPOI"/>
  <testcase name="wikipagedata" time="0.749" classname="com.qa.testNGScripts.DatDrivenTestPOI"/>
</testsuite> <!-- com.qa.testNGScripts.DatDrivenTestPOI -->
