<?xml version="1.0" encoding="UTF-8"?>
<!-- Generated by org.testng.reporters.JUnitReportReporter -->
<testsuite skipped="0" hostname="LAPTOP-N0G0NBDP" name="com.qa.testNGScripts.DataDrivenTest" tests="4" failures="0" timestamp="29 May 2020 14:06:39 GMT" time="4.341" errors="0">
  <testcase name="wikipagedata" time="1.124" classname="com.qa.testNGScripts.DataDrivenTest"/>
  <testcase name="wikipagedata" time="1.126" classname="com.qa.testNGScripts.DataDrivenTest"/>
  <testcase name="wikipagedata" time="1.115" classname="com.qa.testNGScripts.DataDrivenTest"/>
  <testcase name="wikipagedata" time="0.976" classname="com.qa.testNGScripts.DataDrivenTest"/>
</testsuite> <!-- com.qa.testNGScripts.DataDrivenTest -->
