<?xml version="1.0" encoding="UTF-8"?>
<!-- Generated by org.testng.reporters.JUnitReportReporter -->
<testsuite skipped="0" hostname="LAPTOP-N0G0NBDP" name="com.qa.testNGScripts.TestDataExcel" tests="12" failures="0" timestamp="30 May 2020 01:02:30 GMT" time="20.677" errors="0">
  <testcase name="wikipagedata" time="1.619" classname="com.qa.testNGScripts.TestDataExcel"/>
  <testcase name="wikipagedata" time="1.707" classname="com.qa.testNGScripts.TestDataExcel"/>
  <testcase name="wikipagedata" time="1.869" classname="com.qa.testNGScripts.TestDataExcel"/>
  <testcase name="wikipagedata" time="1.717" classname="com.qa.testNGScripts.TestDataExcel"/>
  <testcase name="wikipagedata" time="1.760" classname="com.qa.testNGScripts.TestDataExcel"/>
  <testcase name="wikipagedata" time="1.865" classname="com.qa.testNGScripts.TestDataExcel"/>
  <testcase name="wikipagedata" time="1.597" classname="com.qa.testNGScripts.TestDataExcel"/>
  <testcase name="wikipagedata" time="1.609" classname="com.qa.testNGScripts.TestDataExcel"/>
  <testcase name="wikipagedata" time="1.593" classname="com.qa.testNGScripts.TestDataExcel"/>
  <testcase name="wikipagedata" time="1.772" classname="com.qa.testNGScripts.TestDataExcel"/>
  <testcase name="wikipagedata" time="1.826" classname="com.qa.testNGScripts.TestDataExcel"/>
  <testcase name="wikipagedata" time="1.743" classname="com.qa.testNGScripts.TestDataExcel"/>
</testsuite> <!-- com.qa.testNGScripts.TestDataExcel -->
