<?xml version="1.0" encoding="UTF-8"?>
<!-- Generated by org.testng.reporters.JUnitReportReporter -->
<testsuite skipped="0" hostname="LAPTOP-N0G0NBDP" name="com.qa.testNGScripts.DatDrivenTestPOI" tests="3" failures="0" timestamp="03 Jun 2020 05:40:57 GMT" time="2.441" errors="0">
  <testcase name="wikipagedata" time="0.671" classname="com.qa.testNGScripts.DatDrivenTestPOI"/>
  <testcase name="wikipagedata" time="1.029" classname="com.qa.testNGScripts.DatDrivenTestPOI"/>
  <testcase name="wikipagedata" time="0.741" classname="com.qa.testNGScripts.DatDrivenTestPOI"/>
</testsuite> <!-- com.qa.testNGScripts.DatDrivenTestPOI -->
