<?xml version="1.0" encoding="UTF-8"?>
<!-- Generated by org.testng.reporters.JUnitReportReporter -->
<testsuite skipped="0" hostname="LAPTOP-N0G0NBDP" name="com.qa.testNGScripts.TestNGScript1" tests="2" failures="0" timestamp="28 May 2020 00:46:25 GMT" time="294.637" errors="0">
  <testcase name="login" time="288.550" classname="com.qa.testNGScripts.TestNGScript1"/>
  <testcase name="itenryCustomer" time="6.087" classname="com.qa.testNGScripts.TestNGScript1"/>
</testsuite> <!-- com.qa.testNGScripts.TestNGScript1 -->
