<?xml version="1.0" encoding="UTF-8"?>
<!-- Generated by org.testng.reporters.JUnitReportReporter -->
<testsuite skipped="0" hostname="LAPTOP-N0G0NBDP" name="com.qa.testNGScripts.AnnotationsTestNG" tests="3" failures="0" timestamp="28 May 2020 00:46:25 GMT" time="0.018" errors="0">
  <testcase name="createCust" time="0.011" classname="com.qa.testNGScripts.AnnotationsTestNG"/>
  <testcase name="searchCust" time="0.004" classname="com.qa.testNGScripts.AnnotationsTestNG"/>
  <testcase name="deleteCust" time="0.003" classname="com.qa.testNGScripts.AnnotationsTestNG"/>
</testsuite> <!-- com.qa.testNGScripts.AnnotationsTestNG -->
