<?xml version="1.0" encoding="UTF-8"?>
<!-- Generated by org.testng.reporters.JUnitReportReporter -->
<testsuite skipped="0" hostname="LAPTOP-N0G0NBDP" name="com.qa.testNGScripts.AnnotationsTestNG" tests="3" failures="0" timestamp="28 May 2020 00:57:51 GMT" time="0.005" errors="0">
  <testcase name="createCust" time="0.002" classname="com.qa.testNGScripts.AnnotationsTestNG"/>
  <testcase name="searchCust" time="0.002" classname="com.qa.testNGScripts.AnnotationsTestNG"/>
  <testcase name="deleteCust" time="0.001" classname="com.qa.testNGScripts.AnnotationsTestNG"/>
</testsuite> <!-- com.qa.testNGScripts.AnnotationsTestNG -->
